\BOOKMARK [1][-]{figure.caption.1}{\376\377\000I\000n\000t\000r\000o\000d\000u\000z\000i\000o\000n\000e}{}% 1
\BOOKMARK [1][-]{section.1}{\376\377\0001\000\040\000T\000r\000a\000c\000c\000i\000a\000\040\000d\000e\000l\000\040\000P\000r\000o\000g\000e\000t\000t\000o}{}% 2
\BOOKMARK [2][-]{subsection.1.1}{\376\377\0001\000.\0001\000\040\000I\000n\000f\000o\000r\000m\000a\000z\000i\000o\000n\000i\000\040\000g\000e\000n\000e\000r\000a\000l\000i}{section.1}% 3
\BOOKMARK [2][-]{subsection.1.2}{\376\377\0001\000.\0002\000\040\000G\000e\000s\000t\000i\000o\000n\000e\000\040\000p\000a\000r\000t\000e\000c\000i\000p\000a\000n\000t\000i}{section.1}% 4
\BOOKMARK [2][-]{subsection.1.3}{\376\377\0001\000.\0003\000\040\000S\000q\000u\000a\000d\000r\000e\000\040\000e\000\040\000a\000t\000t\000i\000v\000i\000t\000\340\000\040\000g\000i\000o\000r\000n\000a\000l\000i\000e\000r\000e}{section.1}% 5
\BOOKMARK [2][-]{subsection.1.4}{\376\377\0001\000.\0004\000\040\000G\000e\000s\000t\000i\000o\000n\000e\000\040\000d\000e\000i\000\040\000m\000a\000t\000e\000r\000i\000a\000l\000i}{section.1}% 6
\BOOKMARK [1][-]{section.2}{\376\377\0002\000\040\000G\000l\000o\000s\000s\000a\000r\000i\000o\000\040\000d\000e\000i\000\040\000T\000e\000r\000m\000i\000n\000i}{}% 7
\BOOKMARK [1][-]{section.3}{\376\377\0003\000\040\000A\000n\000a\000l\000i\000s\000i\000\040\000d\000e\000i\000\040\000R\000e\000q\000u\000i\000s\000i\000t\000i}{}% 8
\BOOKMARK [2][-]{subsection.3.1}{\376\377\0003\000.\0001\000\040\000G\000e\000s\000t\000i\000o\000n\000e\000\040\000a\000n\000a\000g\000r\000a\000f\000i\000c\000a\000\040\000d\000e\000i\000\040\000p\000a\000r\000t\000e\000c\000i\000p\000a\000n\000t\000i\000\040\000e\000\040\000d\000e\000g\000l\000i\000\040\000a\000l\000l\000o\000g\000g\000i}{section.3}% 9
\BOOKMARK [2][-]{subsection.3.2}{\376\377\0003\000.\0002\000\040\000P\000i\000a\000n\000i\000f\000i\000c\000a\000z\000i\000o\000n\000e\000\040\000a\000t\000t\000i\000v\000i\000t\000\340\000\040\000g\000i\000o\000r\000n\000a\000l\000i\000e\000r\000e\000,\000\040\000s\000q\000u\000a\000d\000r\000e\000\040\000e\000\040\000p\000a\000s\000t\000i}{section.3}% 10
\BOOKMARK [2][-]{subsection.3.3}{\376\377\0003\000.\0003\000\040\000O\000r\000g\000a\000n\000i\000z\000z\000a\000z\000i\000o\000n\000e\000\040\000d\000e\000i\000\040\000m\000a\000t\000e\000r\000i\000a\000l\000i}{section.3}% 11
\BOOKMARK [1][-]{section.4}{\376\377\0004\000\040\000A\000s\000s\000u\000n\000z\000i\000o\000n\000i\000\040\000e\000\040\000I\000p\000o\000t\000e\000s\000i\000\040\000P\000r\000o\000g\000e\000t\000t\000u\000a\000l\000i}{}% 12
\BOOKMARK [1][-]{section.5}{\376\377\0005\000\040\000P\000r\000o\000g\000e\000t\000t\000a\000z\000i\000o\000n\000e\000\040\000C\000o\000n\000c\000e\000t\000t\000u\000a\000l\000e\000\040\000\050\000S\000c\000h\000e\000m\000a\000\040\000E\000R\000\051}{}% 13
\BOOKMARK [1][-]{section.6}{\376\377\0006\000\040\000P\000r\000o\000g\000e\000t\000t\000a\000z\000i\000o\000n\000e\000\040\000L\000o\000g\000i\000c\000a}{}% 14
\BOOKMARK [2][-]{subsection.6.1}{\376\377\0006\000.\0001\000\040\000A\000n\000a\000l\000i\000s\000i\000\040\000d\000e\000i\000\040\000c\000i\000c\000l\000i}{section.6}% 15
\BOOKMARK [2][-]{subsection.6.2}{\376\377\0006\000.\0002\000\040\000A\000n\000a\000l\000i\000s\000i\000\040\000d\000e\000l\000l\000e\000\040\000r\000i\000d\000o\000n\000d\000a\000n\000z\000e}{section.6}% 16
\BOOKMARK [3][-]{subsubsection.6.2.1}{\376\377\0006\000.\0002\000.\0001\000\040\000S\000t\000e\000s\000u\000r\000a\000\040\000d\000e\000l\000l\000a\000\040\000t\000a\000b\000e\000l\000l\000a\000\040\000d\000e\000i\000\040\000v\000o\000l\000u\000m\000i}{subsection.6.2}% 17
\BOOKMARK [3][-]{subsubsection.6.2.2}{\376\377\0006\000.\0002\000.\0002\000\040\000O\000p\000e\000r\000a\000z\000i\000o\000n\000i\000\040\000i\000n\000t\000e\000r\000e\000s\000s\000a\000t\000e\000\040\000a\000l\000l\000a\000\040\000p\000r\000e\000s\000e\000n\000z\000a\000\040\000d\000i\000\040\000r\000i\000d\000o\000n\000d\000a\000n\000z\000a}{subsection.6.2}% 18
\BOOKMARK [3][-]{subsubsection.6.2.3}{\376\377\0006\000.\0002\000.\0003\000\040\000S\000o\000l\000u\000z\000i\000o\000n\000e\000\040\0001\000:\000\040\000e\000l\000i\000m\000i\000n\000a\000z\000i\000o\000n\000e\000\040\000d\000e\000l\000l\000a\000\040\000r\000i\000d\000o\000n\000d\000a\000n\000z\000a}{subsection.6.2}% 19
\BOOKMARK [4][-]{paragraph.6.2.3.1}{\376\377\0006\000.\0002\000.\0003\000.\0001\000\040\000O\000p\000e\000r\000a\000z\000i\000o\000n\000e\000\040\0001\000.}{subsubsection.6.2.3}% 20
\BOOKMARK [4][-]{paragraph.6.2.3.2}{\376\377\0006\000.\0002\000.\0003\000.\0002\000\040\000O\000p\000e\000r\000a\000z\000i\000o\000n\000e\000\040\0002\000.}{subsubsection.6.2.3}% 21
\BOOKMARK [3][-]{subsubsection.6.2.4}{\376\377\0006\000.\0002\000.\0004\000\040\000S\000o\000l\000u\000z\000i\000o\000n\000e\000\040\0002\000:\000\040\000m\000a\000n\000t\000e\000n\000i\000m\000e\000n\000t\000o\000\040\000d\000e\000l\000l\000'\000a\000t\000t\000r\000i\000b\000u\000t\000o\000\040\000d\000e\000r\000i\000v\000a\000t\000o}{subsection.6.2}% 22
\BOOKMARK [4][-]{paragraph.6.2.4.1}{\376\377\0006\000.\0002\000.\0004\000.\0001\000\040\000O\000p\000e\000r\000a\000z\000i\000o\000n\000e\000\040\0001\000.}{subsubsection.6.2.4}% 23
\BOOKMARK [4][-]{paragraph.6.2.4.2}{\376\377\0006\000.\0002\000.\0004\000.\0002\000\040\000O\000p\000e\000r\000a\000z\000i\000o\000n\000e\000\040\0002\000.}{subsubsection.6.2.4}% 24
\BOOKMARK [3][-]{subsubsection.6.2.5}{\376\377\0006\000.\0002\000.\0005\000\040\000C\000o\000n\000f\000r\000o\000n\000t\000o\000\040\000f\000i\000n\000a\000l\000e\000\040\000e\000\040\000s\000c\000e\000l\000t\000a\000\040\000p\000r\000o\000g\000e\000t\000t\000u\000a\000l\000e}{subsection.6.2}% 25
\BOOKMARK [2][-]{subsection.6.3}{\376\377\0006\000.\0003\000\040\000E\000l\000i\000m\000i\000n\000a\000z\000i\000o\000n\000e\000\040\000d\000e\000l\000l\000e\000\040\000g\000e\000n\000e\000r\000a\000l\000i\000z\000z\000a\000z\000i\000o\000n\000i}{section.6}% 26
\BOOKMARK [3][-]{subsubsection.6.3.1}{\376\377\0006\000.\0003\000.\0001\000\040\000P\000r\000i\000m\000a\000\040\000g\000e\000n\000e\000r\000a\000l\000i\000z\000z\000a\000z\000i\000o\000n\000e\000:\000\040\000A\000t\000t\000i\000v\000i\000t\000\340}{subsection.6.3}% 27
\BOOKMARK [3][-]{subsubsection.6.3.2}{\376\377\0006\000.\0003\000.\0002\000\040\000S\000e\000c\000o\000n\000d\000a\000\040\000g\000e\000n\000e\000r\000a\000l\000i\000z\000z\000a\000z\000i\000o\000n\000e\000:\000\040\000M\000e\000m\000b\000r\000o\000\040\000E\000q\000u\000i\000p\000e}{subsection.6.3}% 28
\BOOKMARK [3][-]{subsubsection.6.3.3}{\376\377\0006\000.\0003\000.\0003\000\040\000T\000e\000r\000z\000a\000\040\000g\000e\000n\000e\000r\000a\000l\000i\000z\000z\000a\000z\000i\000o\000n\000e\000:\000\040\000P\000a\000r\000t\000e\000c\000i\000p\000a\000n\000t\000e}{subsection.6.3}% 29
\BOOKMARK [2][-]{subsection.6.4}{\376\377\0006\000.\0004\000\040\000R\000i\000s\000u\000l\000t\000a\000t\000o\000\040\000d\000e\000l\000l\000a\000\040\000r\000i\000s\000t\000r\000u\000t\000t\000u\000r\000a\000z\000i\000o\000n\000e\000\040\000d\000e\000l\000l\000o\000\040\000s\000c\000h\000e\000m\000a}{section.6}% 30
\BOOKMARK [2][-]{subsection.6.5}{\376\377\0006\000.\0005\000\040\000S\000c\000e\000l\000t\000e\000\040\000s\000u\000i\000\040\000t\000i\000p\000i\000\040\000d\000i\000\040\000d\000a\000t\000o\000\040\000e\000\040\000s\000u\000i\000\040\000d\000o\000m\000i\000n\000i\000\040\000d\000e\000g\000l\000i\000\040\000a\000t\000t\000r\000i\000b\000u\000t\000i}{section.6}% 31
\BOOKMARK [1][-]{section.7}{\376\377\0007\000\040\000P\000r\000o\000g\000e\000t\000t\000a\000z\000i\000o\000n\000e\000\040\000F\000i\000s\000i\000c\000a}{}% 32
\BOOKMARK [2][-]{subsection.7.1}{\376\377\0007\000.\0001\000\040\000T\000i\000p\000i\000\040\000e\000n\000u\000m\000e\000r\000a\000t\000i\000\040\000e\000\040\000i\000n\000d\000i\000c\000i\000\040\000d\000i\000\040\000s\000i\000s\000t\000e\000m\000a}{section.7}% 33
\BOOKMARK [2][-]{subsection.7.2}{\376\377\0007\000.\0002\000\040\000I\000m\000p\000l\000e\000m\000e\000n\000t\000a\000z\000i\000o\000n\000e\000\040\000d\000e\000i\000\040\000v\000i\000n\000c\000o\000l\000i\000\040\000s\000t\000r\000u\000t\000t\000u\000r\000a\000l\000i}{section.7}% 34
\BOOKMARK [2][-]{subsection.7.3}{\376\377\0007\000.\0003\000\040\000C\000o\000l\000o\000n\000n\000e\000\040\000D\000e\000r\000i\000v\000a\000t\000e\000\040\000e\000\040\000f\000u\000n\000z\000i\000o\000n\000i\000\040\000d\000i\000\040\000g\000e\000n\000e\000r\000a\000z\000i\000o\000n\000e}{section.7}% 35
\BOOKMARK [2][-]{subsection.7.4}{\376\377\0007\000.\0004\000\040\000A\000n\000a\000l\000i\000s\000i\000\040\000d\000e\000l\000l\000e\000\040\000s\000c\000e\000l\000t\000e\000\040\000d\000i\000\040\000i\000n\000d\000i\000c\000i\000z\000z\000a\000z\000i\000o\000n\000e\000\040\000e\000\040\000c\000h\000i\000a\000v\000i}{section.7}% 36
\BOOKMARK [3][-]{subsubsection.7.4.1}{\376\377\0007\000.\0004\000.\0001\000\040\000O\000t\000t\000i\000m\000i\000z\000z\000a\000z\000i\000o\000n\000e\000\040\000t\000r\000a\000m\000i\000t\000e\000\040\000i\000n\000d\000i\000c\000i\000\040\000a\000g\000g\000i\000u\000n\000t\000i\000v\000i}{subsection.7.4}% 37
\BOOKMARK [4][-]{paragraph.7.4.1.1}{\376\377\0007\000.\0004\000.\0001\000.\0001\000\040\000I\000n\000d\000i\000c\000e\000\040\000f\000u\000n\000z\000i\000o\000n\000a\000l\000e\000\040\000c\000a\000s\000e\000-\000i\000n\000s\000e\000n\000s\000i\000t\000i\000v\000e\000\040\000s\000u\000i\000\040\000p\000a\000r\000t\000e\000c\000i\000p\000a\000n\000t\000i\000.}{subsubsection.7.4.1}% 38
\BOOKMARK [4][-]{paragraph.7.4.1.2}{\376\377\0007\000.\0004\000.\0001\000.\0002\000\040\000I\000n\000d\000i\000c\000e\000\040\000f\000u\000n\000z\000i\000o\000n\000a\000l\000e\000\040\000t\000e\000m\000p\000o\000r\000a\000l\000e\000\040\000\050\000G\000i\000S\000T\000\051\000\040\000s\000u\000l\000l\000e\000\040\000a\000t\000t\000i\000v\000i\000t\000\340\000.}{subsubsection.7.4.1}% 39
\BOOKMARK [4][-]{paragraph.7.4.1.3}{\376\377\0007\000.\0004\000.\0001\000.\0003\000\040\000I\000n\000d\000i\000c\000e\000\040\000d\000'\000i\000n\000t\000e\000g\000r\000i\000t\000\340\000\040\000s\000u\000l\000l\000a\000\040\000c\000h\000i\000a\000v\000e\000\040\000e\000s\000t\000e\000r\000n\000a\000\040\000c\000u\000o\000c\000h\000i\000-\000p\000a\000s\000t\000i\000.}{subsubsection.7.4.1}% 40
\BOOKMARK [2][-]{subsection.7.5}{\376\377\0007\000.\0005\000\040\000T\000r\000i\000g\000g\000e\000r\000\040\000e\000\040\000v\000i\000n\000c\000o\000l\000i\000\040\000p\000r\000o\000c\000e\000d\000u\000r\000a\000l\000i}{section.7}% 41
\BOOKMARK [3][-]{subsubsection.7.5.1}{\376\377\0007\000.\0005\000.\0001\000\040\000G\000e\000s\000t\000i\000o\000n\000e\000\040\000d\000e\000l\000l\000'\000e\000s\000c\000l\000u\000s\000i\000v\000i\000t\000\340\000\040\000d\000e\000i\000\040\000r\000u\000o\000l\000i}{subsection.7.5}% 42
\BOOKMARK [3][-]{subsubsection.7.5.2}{\376\377\0007\000.\0005\000.\0002\000\040\000V\000i\000n\000c\000o\000l\000o\000\040\000d\000i\000\040\000s\000e\000q\000u\000e\000n\000z\000i\000a\000l\000i\000t\000\340\000\040\000t\000e\000m\000p\000o\000r\000a\000l\000e\000\040\000d\000e\000l\000l\000e\000\040\000a\000t\000t\000i\000v\000i\000t\000\340}{subsection.7.5}% 43
\BOOKMARK [3][-]{subsubsection.7.5.3}{\376\377\0007\000.\0005\000.\0003\000\040\000V\000i\000n\000c\000o\000l\000o\000\040\000d\000i\000\040\000p\000r\000e\000s\000e\000n\000z\000a\000\040\000d\000e\000l\000l\000'\000a\000n\000i\000m\000a\000t\000o\000r\000e\000\040\000r\000e\000s\000p\000o\000n\000s\000a\000b\000i\000l\000e\000\040\000n\000e\000l\000l\000e\000\040\000s\000t\000a\000n\000z\000e\000\040\000d\000e\000g\000l\000i\000\040\000a\000n\000i\000m\000a\000t\000i}{subsection.7.5}% 44
\BOOKMARK [3][-]{subsubsection.7.5.4}{\376\377\0007\000.\0005\000.\0004\000\040\000U\000l\000t\000e\000r\000i\000o\000r\000i\000\040\000v\000i\000n\000c\000o\000l\000i\000\040\000a\000z\000i\000e\000n\000d\000a\000l\000i\000\040\000e\000\040\000d\000i\000\040\000c\000o\000n\000s\000i\000s\000t\000e\000n\000z\000a}{subsection.7.5}% 45
\BOOKMARK [2][-]{subsection.7.6}{\376\377\0007\000.\0006\000\040\000I\000m\000p\000l\000e\000m\000e\000n\000t\000a\000z\000i\000o\000n\000e\000\040\000d\000e\000l\000l\000e\000\040\000q\000u\000e\000r\000y\000\040\000e\000d\000\040\000e\000s\000e\000m\000p\000i\000\040\000d\000'\000u\000s\000o}{section.7}% 46
\BOOKMARK [3][-]{subsubsection.7.6.1}{\376\377\0007\000.\0006\000.\0001\000\040\000I\000n\000s\000e\000r\000i\000m\000e\000n\000t\000o\000\040\000d\000i\000\040\000u\000n\000\040\000n\000u\000o\000v\000o\000\040\000a\000n\000i\000m\000a\000t\000o\000.}{subsection.7.6}% 47
\BOOKMARK [3][-]{subsubsection.7.6.2}{\376\377\0007\000.\0006\000.\0002\000\040\000I\000n\000s\000e\000r\000i\000m\000e\000n\000t\000o\000\040\000d\000i\000\040\000u\000n\000a\000\040\000n\000u\000o\000v\000a\000\040\000a\000t\000t\000i\000v\000i\000t\000\340\000\040\000d\000i\000\040\000r\000o\000u\000t\000i\000n\000e\000.}{subsection.7.6}% 48
\BOOKMARK [3][-]{subsubsection.7.6.3}{\376\377\0007\000.\0006\000.\0003\000\040\000C\000o\000p\000p\000i\000e\000\040\000d\000i\000\040\000r\000o\000u\000t\000i\000n\000e\000\040\000c\000h\000e\000\040\000c\000o\000n\000d\000i\000v\000i\000d\000o\000n\000o\000\040\000u\000n\000\040\000m\000a\000t\000e\000r\000i\000a\000l\000e\000.}{subsection.7.6}% 49
\BOOKMARK [3][-]{subsubsection.7.6.4}{\376\377\0007\000.\0006\000.\0004\000\040\000C\000u\000o\000c\000h\000i\000\040\000c\000h\000e\000\040\000h\000a\000n\000n\000o\000\040\000s\000u\000p\000e\000r\000v\000i\000s\000i\000o\000n\000a\000t\000o\000\040\000u\000n\000\040\000p\000a\000s\000t\000o\000\040\000c\000o\000n\000\040\000u\000n\000\040\000a\000l\000l\000e\000r\000g\000e\000n\000e\000\040\000p\000r\000e\000s\000e\000n\000t\000e\000\040\000i\000n\000\040\000u\000n\000a\000\040\000s\000o\000l\000a\000\040\000p\000i\000e\000t\000a\000n\000z\000a\000.}{subsection.7.6}% 50
\BOOKMARK [3][-]{subsubsection.7.6.5}{\376\377\0007\000.\0006\000.\0005\000\040\000A\000n\000i\000m\000a\000t\000o\000r\000e\000/\000i\000\040\000c\000h\000e\000\040\000h\000a\000\040\000s\000u\000p\000e\000r\000v\000i\000s\000i\000o\000n\000a\000t\000o\000\040\000l\000a\000\040\000r\000o\000u\000t\000i\000n\000e\000\040\000c\000o\000n\000\040\000l\000a\000\040\000m\000a\000g\000g\000i\000o\000r\000e\000\040\000q\000u\000a\000n\000t\000i\000t\000\340\000\040\000t\000o\000t\000a\000l\000e\000\040\000d\000i\000\040\000m\000a\000t\000e\000r\000i\000a\000l\000e\000.}{subsection.7.6}% 51
\BOOKMARK [3][-]{subsubsection.7.6.6}{\376\377\0007\000.\0006\000.\0006\000\040\000A\000n\000i\000m\000a\000t\000o\000r\000i\000\040\000c\000h\000e\000\040\000h\000a\000n\000n\000o\000\040\000s\000u\000p\000e\000r\000v\000i\000s\000i\000o\000n\000a\000t\000o\000\040\000s\000o\000l\000o\000\040\000a\000t\000t\000i\000v\000i\000t\000\340\000\040\000s\000e\000n\000z\000a\000\040\000m\000a\000t\000e\000r\000i\000a\000l\000i\000.}{subsection.7.6}% 52
\BOOKMARK [3][-]{subsubsection.7.6.7}{\376\377\0007\000.\0006\000.\0007\000\040\000A\000g\000g\000i\000o\000r\000n\000a\000m\000e\000n\000t\000o\000\040\000d\000e\000l\000l\000'\000o\000r\000a\000r\000i\000o\000\040\000d\000i\000\040\000u\000n\000a\000\040\000r\000o\000u\000t\000i\000n\000e\000.}{subsection.7.6}% 53
\BOOKMARK [3][-]{subsubsection.7.6.8}{\376\377\0007\000.\0006\000.\0008\000\040\000C\000a\000n\000c\000e\000l\000l\000a\000z\000i\000o\000n\000e\000\040\000d\000i\000\040\000u\000n\000a\000\040\000r\000o\000u\000t\000i\000n\000e\000.}{subsection.7.6}% 54
\BOOKMARK [1][-]{section.8}{\376\377\0008\000\040\000C\000o\000n\000c\000l\000u\000s\000i\000o\000n\000i\000\040\000e\000\040\000s\000v\000i\000l\000u\000p\000p\000i\000\040\000f\000u\000t\000u\000r\000i}{}% 55
